\BOOKMARK [1][-]{section.1}{\376\377\000I\000n\000t\000r\000o\000d\000u\000c\000t\000i\000o\000n}{}% 1
\BOOKMARK [1][-]{section.2}{\376\377\000M\000o\000d\000e\000l}{}% 2
\BOOKMARK [1][-]{section.3}{\376\377\000S\000u\000m\000m\000a\000r\000y\000\040\000o\000f\000\040\000G\000o\000l\000d\000m\000a\000n\000\040\000a\000n\000d\000\040\000U\000z\000a\000w\000a\000\040\000\050\0001\0009\0006\0004\000\051}{}% 3
\BOOKMARK [1][-]{section.4}{\376\377\000N\000e\000c\000e\000s\000s\000i\000t\000y\000\040\000P\000r\000o\000o\000f\000\040\000i\000n\000\040\000L\000a\000u\000\050\0001\0009\0008\0002\000\051}{}% 4
\BOOKMARK [2][-]{subsection.4.1}{\376\377\000C\000a\000s\000e\000\040\0001\000:\000\040\000T\000h\000e\000\040\000d\000e\000m\000a\000n\000d\000\040\000s\000h\000i\000f\000t\000e\000r\000\040\000i\000s\000\040\000a\000\040\000s\000c\000a\000l\000a\000r}{section.4}% 5
\BOOKMARK [3][-]{subsubsection.4.1.1}{\376\377\000I\000s\000\040\000t\000h\000e\000\040\000d\000i\000f\000f\000e\000r\000e\000n\000t\000i\000a\000l\000\040\000e\000q\000u\000a\000t\000i\000o\000n\000\040\000n\000e\000c\000e\000s\000s\000a\000r\000y\000\040\000f\000o\000r\000\040\000t\000h\000e\000\040\000t\000r\000a\000n\000s\000f\000o\000r\000m\000a\000t\000i\000o\000n\000\040\000t\000o\000\040\000b\000e\000\040\000s\000i\000n\000g\000u\000l\000a\000r\000?}{subsection.4.1}% 6
\BOOKMARK [2][-]{subsection.4.2}{\376\377\000C\000a\000s\000e\000\040\0002\000:\000\040\000T\000h\000e\000\040\000d\000e\000m\000a\000n\000d\000\040\000s\000h\000i\000f\000t\000e\000r\000\040\000i\000s\000\040\000a\000\040\000v\000e\000c\000t\000o\000r}{section.4}% 7
\BOOKMARK [2][-]{subsection.4.3}{\376\377\000T\000h\000e\000\040\000s\000u\000m\000m\000a\000r\000y\000\040\000o\000f\000\040\000t\000h\000e\000\040\000a\000r\000g\000u\000m\000e\000n\000t\000\040\000f\000o\000r\000\040\000t\000h\000e\000\040\000n\000e\000c\000e\000s\000s\000i\000t\000y}{section.4}% 8
\BOOKMARK [1][-]{section.5}{\376\377\000S\000u\000f\000f\000i\000c\000i\000e\000n\000c\000y\000\040\000P\000r\000o\000o\000f\000\040\000i\000n\000\040\000L\000a\000u\000\050\0001\0009\0008\0002\000\051}{}% 9
\BOOKMARK [1][-]{section.6}{\376\377\000C\000o\000r\000r\000e\000c\000t\000\040\000p\000r\000o\000o\000f}{}% 10
\BOOKMARK [1][-]{section.7}{\376\377\000D\000i\000s\000c\000u\000s\000s\000i\000o\000n}{}% 11
\BOOKMARK [2][-]{subsection.7.1}{\376\377\000R\000e\000l\000a\000t\000i\000o\000n\000\040\000t\000o\000\040\000t\000h\000e\000\040\000r\000e\000c\000e\000n\000t\000\040\000l\000i\000t\000e\000r\000a\000t\000u\000r\000e\000\040\000o\000n\000\040\000d\000i\000s\000t\000i\000n\000g\000u\000i\000s\000h\000i\000n\000g\000\040\000f\000i\000r\000m\000\040\000c\000o\000n\000d\000u\000c\000t}{section.7}% 12
\BOOKMARK [1][-]{section.8}{\376\377\000C\000o\000n\000c\000l\000u\000s\000i\000o\000n}{}% 13
\BOOKMARK [1][-]{appendix.A}{\376\377\000O\000m\000i\000t\000t\000e\000d\000\040\000p\000r\000o\000o\000f\000s\000\040\000a\000n\000d\000\040\000c\000a\000l\000c\000u\000l\000a\000t\000i\000o\000n\000s}{}% 14
\BOOKMARK [2][-]{subsection.A.1}{\376\377\000S\000o\000l\000v\000i\000n\000g\000\040\000t\000h\000e\000\040\000p\000a\000r\000t\000i\000a\000l\000\040\000d\000i\000f\000f\000e\000r\000e\000n\000t\000i\000a\000l\000\040\000e\000q\000u\000a\000t\000i\000o\000n\000\040\000w\000h\000e\000n\000\040\000t\000h\000e\000\040\000t\000r\000a\000n\000s\000f\000o\000r\000m\000a\000t\000i\000o\000n\000\040\000i\000s\000\040\000s\000i\000n\000g\000u\000l\000a\000r}{appendix.A}% 15
\BOOKMARK [3][-]{subsubsection.A.1.1}{\376\377\000C\000h\000e\000c\000k\000i\000n\000g\000\040\000w\000h\000e\000t\000h\000e\000r\000\040\000o\000b\000s\000e\000r\000v\000a\000b\000l\000e\000\040\000e\000q\000u\000i\000v\000a\000l\000e\000n\000c\000e\000\040\000i\000s\000\040\000v\000i\000o\000l\000a\000t\000e\000d}{subsection.A.1}% 16
\BOOKMARK [3][-]{subsubsection.A.1.2}{\376\377\000C\000h\000e\000c\000k\000i\000n\000g\000\040\000w\000h\000e\000t\000h\000e\000r\000\040\000t\000h\000e\000\040\000e\000q\000u\000i\000l\000i\000b\000r\000i\000u\000m\000\040\000e\000x\000i\000s\000t\000s}{subsection.A.1}% 17
\BOOKMARK [1][-]{appendix.B}{\376\377\000A\000\040\000c\000o\000u\000n\000t\000e\000r\000e\000x\000a\000m\000p\000l\000e}{}% 18
\BOOKMARK [1][-]{appendix.C}{\376\377\000I\000n\000t\000e\000r\000p\000r\000e\000t\000a\000t\000i\000o\000n}{}% 19
\BOOKMARK [2][-]{subsection.C.1}{\376\377\000T\000h\000e\000\040\000l\000o\000g\000-\000l\000i\000n\000e\000a\000r\000\040\000m\000o\000d\000e\000l}{appendix.C}% 20
\BOOKMARK [2][-]{subsection.C.2}{\376\377\000T\000h\000e\000\040\000l\000o\000g\000-\000l\000i\000n\000e\000a\000r\000\040\000m\000o\000d\000e\000l}{appendix.C}% 21
\BOOKMARK [2][-]{subsection.C.3}{\376\377\000L\000i\000n\000e\000a\000r\000\040\000M\000o\000d\000e\000l}{appendix.C}% 22
\BOOKMARK [2][-]{subsection.C.4}{\376\377\000T\000h\000e\000\040\000l\000o\000g\000-\000l\000i\000n\000e\000a\000r\000\040\000m\000o\000d\000e\000l}{appendix.C}% 23
